I, [2024-01-08T17:28:18.666167 #76295]  INFO -- : Registered expected interaction GET /users/1
D, [2024-01-08T17:28:18.666419 #76295] DEBUG -- : {
  "description": "User 'Alice' is requested",
  "providerState": "User Alice exists",
  "request": {
    "method": "GET",
    "path": {
      "json_class": "Pact::Term",
      "data": {
        "generate": "/users/1",
        "matcher": {
          "json_class": "Regexp",
          "o": 0,
          "s": "/users/[0-9]+"
        }
      }
    }
  },
  "response": {
    "status": 200,
    "headers": {
    },
    "body": {
      "firstName": {
        "json_class": "Pact::SomethingLike",
        "contents": "Alice"
      },
      "id": {
        "json_class": "Pact::SomethingLike",
        "contents": "1"
      },
      "lastName": {
        "json_class": "Pact::SomethingLike",
        "contents": "Doe"
      }
    }
  },
  "metadata": null
}
I, [2024-01-08T17:28:18.667112 #76295]  INFO -- : Received request GET /users/1
D, [2024-01-08T17:28:18.667189 #76295] DEBUG -- : {
  "path": "/users/1",
  "query": "",
  "method": "get",
  "headers": {
    "Host": "localhost:40773",
    "User-Agent": "Go-http-client/1.1",
    "Accept-Encoding": "gzip",
    "Version": "HTTP/1.1"
  }
}
I, [2024-01-08T17:28:18.667303 #76295]  INFO -- : Found matching response for GET /users/1
D, [2024-01-08T17:28:18.667351 #76295] DEBUG -- : {
  "status": 200,
  "headers": {
  },
  "body": {
    "firstName": {
      "json_class": "Pact::SomethingLike",
      "contents": "Alice"
    },
    "id": {
      "json_class": "Pact::SomethingLike",
      "contents": "1"
    },
    "lastName": {
      "json_class": "Pact::SomethingLike",
      "contents": "Doe"
    }
  }
}
I, [2024-01-08T17:28:18.711827 #76295]  INFO -- : Verifying - interactions matched
I, [2024-01-08T17:28:18.761694 #76295]  INFO -- : Cleared interactions
I, [2024-01-08T17:28:18.822225 #76295]  INFO -- : Writing pact for example-server to /home/rachit/projects/contract-test/pkg/client/pacts/example-client-example-server.json
